Running create_ec2.sh at 20211215002757
Create the security group
Set the security group for ingress from the Internet
{
    "Return": true,
    "SecurityGroupRules": [
        {
            "SecurityGroupRuleId": "sgr-0688419cf25551b71",
            "GroupId": "sg-0cac4883af80d591b",
            "GroupOwnerId": "052101402547",
            "IsEgress": false,
            "IpProtocol": "tcp",
            "FromPort": 22,
            "ToPort": 22,
            "CidrIpv4": "0.0.0.0/0"
        }
    ]
}
{
    "Return": true,
    "SecurityGroupRules": [
        {
            "SecurityGroupRuleId": "sgr-0f56c79be6516ff34",
            "GroupId": "sg-0cac4883af80d591b",
            "GroupOwnerId": "052101402547",
            "IsEgress": false,
            "IpProtocol": "tcp",
            "FromPort": 3000,
            "ToPort": 3000,
            "CidrIpv4": "0.0.0.0/0"
        }
    ]
}
{
    "Return": true,
    "SecurityGroupRules": [
        {
            "SecurityGroupRuleId": "sgr-0b3ab9a2be7c416d5",
            "GroupId": "sg-0cac4883af80d591b",
            "GroupOwnerId": "052101402547",
            "IsEgress": false,
            "IpProtocol": "tcp",
            "FromPort": 5000,
            "ToPort": 5000,
            "CidrIpv4": "0.0.0.0/0"
        }
    ]
}
Create 1 instances
