Creating Full AWS infrastructure for APP: PICTUREPASSWORD
Running create_vpc.sh at 20211215002742
VPC_ID=vpc-0c534069bcb49920c
SN_ID_PUBLIC=subnet-0ece713027fc96c65
SN_ID_PRIVATE=subnet-091d639e81eae94a8
IGW_ID=igw-02165b5fb852ae5e1
RT_TABLE_ID=rtb-0af5f8a43f06b6f82
{
    "Return": true
}
{
    "RouteTables": [
        {
            "Associations": [],
            "PropagatingVgws": [],
            "RouteTableId": "rtb-0af5f8a43f06b6f82",
            "Routes": [
                {
                    "DestinationCidrBlock": "10.0.0.0/16",
                    "GatewayId": "local",
                    "Origin": "CreateRouteTable",
                    "State": "active"
                },
                {
                    "DestinationCidrBlock": "0.0.0.0/0",
                    "GatewayId": "igw-02165b5fb852ae5e1",
                    "Origin": "CreateRoute",
                    "State": "active"
                }
            ],
            "Tags": [
                {
                    "Key": "type",
                    "Value": "web-app"
                },
                {
                    "Key": "APP",
                    "Value": "PICTUREPASSWORD"
                }
            ],
            "VpcId": "vpc-0c534069bcb49920c",
            "OwnerId": "052101402547"
        }
    ]
}
[
    {
        "ID": "subnet-091d639e81eae94a8",
        "CIDR": "10.0.2.0/24"
    },
    {
        "ID": "subnet-0ece713027fc96c65",
        "CIDR": "10.0.1.0/24"
    }
]
ASSN_ID=rtbassoc-0b6d0170a7c556a95
Done Creating VPC.
